MIF/HEX Update report for BitTimingCAN
Sat Jun 03 23:09:48 2017
Quartus Prime Version 16.1.2 Build 203 01/18/2017 SJ Lite Edition


---------------------
; Table of Contents ;
---------------------
  1. Legal Notice
  2. MIF/HEX Update Summary
  3. MIF/HEX Update Processed Files
  4. MIF/HEX Update Messages



----------------
; Legal Notice ;
----------------
Copyright (C) 2017  Intel Corporation. All rights reserved.
Your use of Intel Corporation's design tools, logic functions 
and other software and tools, and its AMPP partner logic 
functions, and any output files from any of the foregoing 
(including device programming or simulation files), and any 
associated documentation or information are expressly subject 
to the terms and conditions of the Intel Program License 
Subscription Agreement, the Intel Quartus Prime License Agreement,
the Intel MegaCore Function License Agreement, or other 
applicable license agreement, including, without limitation, 
that your use is for the sole purpose of programming logic 
devices manufactured by Intel and sold by Intel or its 
authorized distributors.  Please refer to the applicable 
agreement for further details.



+-----------------------------------------------------------+
; MIF/HEX Update Summary                                    ;
+-----------------------+-----------------------------------+
; MIF/HEX Update Status ; Failed - Sat Jun 03 23:09:48 2017 ;
; Revision Name         ; BitTimingCAN                      ;
; Top-level Entity Name ; can_decoder                       ;
; Family                ; Cyclone IV GX                     ;
; Device                ; EP4CGX150DF31C7                   ;
+-----------------------+-----------------------------------+


+--------------------------------+
; MIF/HEX Update Processed Files ;
+--------------------------------+
; File Name                      ;
+--------------------------------+


+-------------------------+
; MIF/HEX Update Messages ;
+-------------------------+
Info: *******************************************************************
Info: Running Quartus Prime MIF/HEX Update
    Info: Version 16.1.2 Build 203 01/18/2017 SJ Lite Edition
    Info: Processing started: Sat Jun 03 23:09:47 2017
Info: Command: quartus_cdb BitTimingCAN -c BitTimingCAN --update_mif
Error (39022): Found no valid Memory Initialization File to process
Error: Quartus Prime MIF/HEX Update was unsuccessful. 1 error, 0 warnings
    Error: Peak virtual memory: 708 megabytes
    Error: Processing ended: Sat Jun 03 23:09:48 2017
    Error: Elapsed time: 00:00:01
    Error: Total CPU time (on all processors): 00:00:02


