EDA Netlist Writer report for BitTimingCAN
Fri May 26 20:32:00 2017
Quartus Prime Version 16.1.0 Build 196 10/24/2016 SJ Lite Edition


---------------------
; Table of Contents ;
---------------------
  1. Legal Notice
  2. EDA Netlist Writer Summary
  3. Simulation Settings
  4. Simulation Generated Files
  5. EDA Netlist Writer Messages



----------------
; Legal Notice ;
----------------
Copyright (C) 2016  Intel Corporation. All rights reserved.
Your use of Intel Corporation's design tools, logic functions 
and other software and tools, and its AMPP partner logic 
functions, and any output files from any of the foregoing 
(including device programming or simulation files), and any 
associated documentation or information are expressly subject 
to the terms and conditions of the Intel Program License 
Subscription Agreement, the Intel Quartus Prime License Agreement,
the Intel MegaCore Function License Agreement, or other 
applicable license agreement, including, without limitation, 
that your use is for the sole purpose of programming logic 
devices manufactured by Intel and sold by Intel or its 
authorized distributors.  Please refer to the applicable 
agreement for further details.



+-------------------------------------------------------------------+
; EDA Netlist Writer Summary                                        ;
+---------------------------+---------------------------------------+
; EDA Netlist Writer Status ; Successful - Fri May 26 20:32:00 2017 ;
; Revision Name             ; BitTimingCAN                          ;
; Top-level Entity Name     ; can_decoder                           ;
; Family                    ; Cyclone IV GX                         ;
; Simulation Files Creation ; Successful                            ;
+---------------------------+---------------------------------------+


+-------------------------------------------------------------------------------------------------------------------------------+
; Simulation Settings                                                                                                           ;
+---------------------------------------------------------------------------------------------------+---------------------------+
; Option                                                                                            ; Setting                   ;
+---------------------------------------------------------------------------------------------------+---------------------------+
; Tool Name                                                                                         ; ModelSim-Altera (Verilog) ;
; Generate functional simulation netlist                                                            ; Off                       ;
; Time scale                                                                                        ; 1 ps                      ;
; Truncate long hierarchy paths                                                                     ; Off                       ;
; Map illegal HDL characters                                                                        ; Off                       ;
; Flatten buses into individual nodes                                                               ; Off                       ;
; Maintain hierarchy                                                                                ; Off                       ;
; Bring out device-wide set/reset signals as ports                                                  ; Off                       ;
; Enable glitch filtering                                                                           ; Off                       ;
; Do not write top level VHDL entity                                                                ; Off                       ;
; Disable detection of setup and hold time violations in the input registers of bi-directional pins ; Off                       ;
; Architecture name in VHDL output netlist                                                          ; structure                 ;
; Generate third-party EDA tool command script for RTL functional simulation                        ; Off                       ;
; Generate third-party EDA tool command script for gate-level simulation                            ; Off                       ;
+---------------------------------------------------------------------------------------------------+---------------------------+


+---------------------------------------------------------------------------------------------------------------------------+
; Simulation Generated Files                                                                                                ;
+---------------------------------------------------------------------------------------------------------------------------+
; Generated Files                                                                                                           ;
+---------------------------------------------------------------------------------------------------------------------------+
; C:/Users/luisf/Documents/can-controller/Projeto exemplo/Projeto/simulation/modelsim/BitTimingCAN_7_1200mv_85c_slow.vo     ;
; C:/Users/luisf/Documents/can-controller/Projeto exemplo/Projeto/simulation/modelsim/BitTimingCAN_7_1200mv_0c_slow.vo      ;
; C:/Users/luisf/Documents/can-controller/Projeto exemplo/Projeto/simulation/modelsim/BitTimingCAN_min_1200mv_0c_fast.vo    ;
; C:/Users/luisf/Documents/can-controller/Projeto exemplo/Projeto/simulation/modelsim/BitTimingCAN.vo                       ;
; C:/Users/luisf/Documents/can-controller/Projeto exemplo/Projeto/simulation/modelsim/BitTimingCAN_7_1200mv_85c_v_slow.sdo  ;
; C:/Users/luisf/Documents/can-controller/Projeto exemplo/Projeto/simulation/modelsim/BitTimingCAN_7_1200mv_0c_v_slow.sdo   ;
; C:/Users/luisf/Documents/can-controller/Projeto exemplo/Projeto/simulation/modelsim/BitTimingCAN_min_1200mv_0c_v_fast.sdo ;
; C:/Users/luisf/Documents/can-controller/Projeto exemplo/Projeto/simulation/modelsim/BitTimingCAN_v.sdo                    ;
+---------------------------------------------------------------------------------------------------------------------------+


+-----------------------------+
; EDA Netlist Writer Messages ;
+-----------------------------+
Info: *******************************************************************
Info: Running Quartus Prime EDA Netlist Writer
    Info: Version 16.1.0 Build 196 10/24/2016 SJ Lite Edition
    Info: Processing started: Fri May 26 20:31:59 2017
Info: Command: quartus_eda --read_settings_files=off --write_settings_files=off BitTimingCAN -c BitTimingCAN
Info (204019): Generated file BitTimingCAN_7_1200mv_85c_slow.vo in folder "C:/Users/luisf/Documents/can-controller/Projeto exemplo/Projeto/simulation/modelsim/" for EDA simulation tool
Info (204019): Generated file BitTimingCAN_7_1200mv_0c_slow.vo in folder "C:/Users/luisf/Documents/can-controller/Projeto exemplo/Projeto/simulation/modelsim/" for EDA simulation tool
Info (204019): Generated file BitTimingCAN_min_1200mv_0c_fast.vo in folder "C:/Users/luisf/Documents/can-controller/Projeto exemplo/Projeto/simulation/modelsim/" for EDA simulation tool
Info (204019): Generated file BitTimingCAN.vo in folder "C:/Users/luisf/Documents/can-controller/Projeto exemplo/Projeto/simulation/modelsim/" for EDA simulation tool
Info (204019): Generated file BitTimingCAN_7_1200mv_85c_v_slow.sdo in folder "C:/Users/luisf/Documents/can-controller/Projeto exemplo/Projeto/simulation/modelsim/" for EDA simulation tool
Info (204019): Generated file BitTimingCAN_7_1200mv_0c_v_slow.sdo in folder "C:/Users/luisf/Documents/can-controller/Projeto exemplo/Projeto/simulation/modelsim/" for EDA simulation tool
Info (204019): Generated file BitTimingCAN_min_1200mv_0c_v_fast.sdo in folder "C:/Users/luisf/Documents/can-controller/Projeto exemplo/Projeto/simulation/modelsim/" for EDA simulation tool
Info (204019): Generated file BitTimingCAN_v.sdo in folder "C:/Users/luisf/Documents/can-controller/Projeto exemplo/Projeto/simulation/modelsim/" for EDA simulation tool
Info: Quartus Prime EDA Netlist Writer was successful. 0 errors, 0 warnings
    Info: Peak virtual memory: 601 megabytes
    Info: Processing ended: Fri May 26 20:32:03 2017
    Info: Elapsed time: 00:00:04
    Info: Total CPU time (on all processors): 00:00:01


