Analysis & Synthesis report for BitTimingCAN
Sat May 20 17:26:57 2017
Quartus Prime Version 16.1.2 Build 203 01/18/2017 SJ Lite Edition


---------------------
; Table of Contents ;
---------------------
  1. Legal Notice
  2. Analysis & Synthesis Summary
  3. Analysis & Synthesis Settings
  4. Parallel Compilation
  5. Analysis & Synthesis Source Files Read
  6. Analysis & Synthesis Resource Usage Summary
  7. Analysis & Synthesis Resource Utilization by Entity
  8. General Register Statistics
  9. Parameter Settings for User Entity Instance: Top-level Entity: |framer_FSM
 10. Post-Synthesis Netlist Statistics for Top Partition
 11. Elapsed Time Per Partition
 12. Analysis & Synthesis Messages
 13. Analysis & Synthesis Suppressed Messages



----------------
; Legal Notice ;
----------------
Copyright (C) 2017  Intel Corporation. All rights reserved.
Your use of Intel Corporation's design tools, logic functions 
and other software and tools, and its AMPP partner logic 
functions, and any output files from any of the foregoing 
(including device programming or simulation files), and any 
associated documentation or information are expressly subject 
to the terms and conditions of the Intel Program License 
Subscription Agreement, the Intel Quartus Prime License Agreement,
the Intel MegaCore Function License Agreement, or other 
applicable license agreement, including, without limitation, 
that your use is for the sole purpose of programming logic 
devices manufactured by Intel and sold by Intel or its 
authorized distributors.  Please refer to the applicable 
agreement for further details.



+----------------------------------------------------------------------------------+
; Analysis & Synthesis Summary                                                     ;
+------------------------------------+---------------------------------------------+
; Analysis & Synthesis Status        ; Successful - Sat May 20 17:26:57 2017       ;
; Quartus Prime Version              ; 16.1.2 Build 203 01/18/2017 SJ Lite Edition ;
; Revision Name                      ; BitTimingCAN                                ;
; Top-level Entity Name              ; framer_FSM                                  ;
; Family                             ; Cyclone IV GX                               ;
; Total logic elements               ; 0                                           ;
;     Total combinational functions  ; 0                                           ;
;     Dedicated logic registers      ; 0                                           ;
; Total registers                    ; 0                                           ;
; Total pins                         ; 6                                           ;
; Total virtual pins                 ; 0                                           ;
; Total memory bits                  ; 0                                           ;
; Embedded Multiplier 9-bit elements ; 0                                           ;
; Total GXB Receiver Channel PCS     ; 0                                           ;
; Total GXB Receiver Channel PMA     ; 0                                           ;
; Total GXB Transmitter Channel PCS  ; 0                                           ;
; Total GXB Transmitter Channel PMA  ; 0                                           ;
; Total PLLs                         ; 0                                           ;
+------------------------------------+---------------------------------------------+


+----------------------------------------------------------------------------------------------------------------------+
; Analysis & Synthesis Settings                                                                                        ;
+----------------------------------------------------------------------------+--------------------+--------------------+
; Option                                                                     ; Setting            ; Default Value      ;
+----------------------------------------------------------------------------+--------------------+--------------------+
; Device                                                                     ; EP4CGX150DF31C7    ;                    ;
; Top-level entity name                                                      ; framer_FSM         ; BitTimingCAN       ;
; Family name                                                                ; Cyclone IV GX      ; Cyclone V          ;
; Maximum processors allowed for parallel compilation                        ; 3                  ;                    ;
; Use smart compilation                                                      ; Off                ; Off                ;
; Enable parallel Assembler and TimeQuest Timing Analyzer during compilation ; On                 ; On                 ;
; Enable compact report table                                                ; Off                ; Off                ;
; Restructure Multiplexers                                                   ; Auto               ; Auto               ;
; Create Debugging Nodes for IP Cores                                        ; Off                ; Off                ;
; Preserve fewer node names                                                  ; On                 ; On                 ;
; OpenCore Plus hardware evaluation                                          ; Enable             ; Enable             ;
; Verilog Version                                                            ; Verilog_2001       ; Verilog_2001       ;
; VHDL Version                                                               ; VHDL_1993          ; VHDL_1993          ;
; State Machine Processing                                                   ; Auto               ; Auto               ;
; Safe State Machine                                                         ; Off                ; Off                ;
; Extract Verilog State Machines                                             ; On                 ; On                 ;
; Extract VHDL State Machines                                                ; On                 ; On                 ;
; Ignore Verilog initial constructs                                          ; Off                ; Off                ;
; Iteration limit for constant Verilog loops                                 ; 5000               ; 5000               ;
; Iteration limit for non-constant Verilog loops                             ; 250                ; 250                ;
; Add Pass-Through Logic to Inferred RAMs                                    ; On                 ; On                 ;
; Infer RAMs from Raw Logic                                                  ; On                 ; On                 ;
; Parallel Synthesis                                                         ; On                 ; On                 ;
; DSP Block Balancing                                                        ; Auto               ; Auto               ;
; NOT Gate Push-Back                                                         ; On                 ; On                 ;
; Power-Up Don't Care                                                        ; On                 ; On                 ;
; Remove Redundant Logic Cells                                               ; Off                ; Off                ;
; Remove Duplicate Registers                                                 ; On                 ; On                 ;
; Ignore CARRY Buffers                                                       ; Off                ; Off                ;
; Ignore CASCADE Buffers                                                     ; Off                ; Off                ;
; Ignore GLOBAL Buffers                                                      ; Off                ; Off                ;
; Ignore ROW GLOBAL Buffers                                                  ; Off                ; Off                ;
; Ignore LCELL Buffers                                                       ; Off                ; Off                ;
; Ignore SOFT Buffers                                                        ; On                 ; On                 ;
; Limit AHDL Integers to 32 Bits                                             ; Off                ; Off                ;
; Optimization Technique                                                     ; Balanced           ; Balanced           ;
; Carry Chain Length                                                         ; 70                 ; 70                 ;
; Auto Carry Chains                                                          ; On                 ; On                 ;
; Auto Open-Drain Pins                                                       ; On                 ; On                 ;
; Perform WYSIWYG Primitive Resynthesis                                      ; Off                ; Off                ;
; Auto ROM Replacement                                                       ; On                 ; On                 ;
; Auto RAM Replacement                                                       ; On                 ; On                 ;
; Auto DSP Block Replacement                                                 ; On                 ; On                 ;
; Auto Shift Register Replacement                                            ; Auto               ; Auto               ;
; Allow Shift Register Merging across Hierarchies                            ; Auto               ; Auto               ;
; Auto Clock Enable Replacement                                              ; On                 ; On                 ;
; Strict RAM Replacement                                                     ; Off                ; Off                ;
; Allow Synchronous Control Signals                                          ; On                 ; On                 ;
; Force Use of Synchronous Clear Signals                                     ; Off                ; Off                ;
; Auto RAM Block Balancing                                                   ; On                 ; On                 ;
; Auto RAM to Logic Cell Conversion                                          ; Off                ; Off                ;
; Auto Resource Sharing                                                      ; Off                ; Off                ;
; Allow Any RAM Size For Recognition                                         ; Off                ; Off                ;
; Allow Any ROM Size For Recognition                                         ; Off                ; Off                ;
; Allow Any Shift Register Size For Recognition                              ; Off                ; Off                ;
; Use LogicLock Constraints during Resource Balancing                        ; On                 ; On                 ;
; Ignore translate_off and synthesis_off directives                          ; Off                ; Off                ;
; Timing-Driven Synthesis                                                    ; On                 ; On                 ;
; Report Parameter Settings                                                  ; On                 ; On                 ;
; Report Source Assignments                                                  ; On                 ; On                 ;
; Report Connectivity Checks                                                 ; On                 ; On                 ;
; Ignore Maximum Fan-Out Assignments                                         ; Off                ; Off                ;
; Synchronization Register Chain Length                                      ; 2                  ; 2                  ;
; PowerPlay Power Optimization During Synthesis                              ; Normal compilation ; Normal compilation ;
; HDL message level                                                          ; Level2             ; Level2             ;
; Suppress Register Optimization Related Messages                            ; Off                ; Off                ;
; Number of Removed Registers Reported in Synthesis Report                   ; 5000               ; 5000               ;
; Number of Swept Nodes Reported in Synthesis Report                         ; 5000               ; 5000               ;
; Number of Inverted Registers Reported in Synthesis Report                  ; 100                ; 100                ;
; Clock MUX Protection                                                       ; On                 ; On                 ;
; Auto Gated Clock Conversion                                                ; Off                ; Off                ;
; Block Design Naming                                                        ; Auto               ; Auto               ;
; SDC constraint protection                                                  ; Off                ; Off                ;
; Synthesis Effort                                                           ; Auto               ; Auto               ;
; Shift Register Replacement - Allow Asynchronous Clear Signal               ; On                 ; On                 ;
; Pre-Mapping Resynthesis Optimization                                       ; Off                ; Off                ;
; Analysis & Synthesis Message Level                                         ; Medium             ; Medium             ;
; Disable Register Merging Across Hierarchies                                ; Auto               ; Auto               ;
; Resource Aware Inference For Block RAM                                     ; On                 ; On                 ;
+----------------------------------------------------------------------------+--------------------+--------------------+


+------------------------------------------+
; Parallel Compilation                     ;
+----------------------------+-------------+
; Processors                 ; Number      ;
+----------------------------+-------------+
; Number detected on machine ; 4           ;
; Maximum allowed            ; 3           ;
;                            ;             ;
; Average used               ; 1.00        ;
; Maximum used               ; 1           ;
;                            ;             ;
; Usage by Processor         ; % Time Used ;
;     Processor 1            ; 100.0%      ;
+----------------------------+-------------+


+---------------------------------------------------------------------------------------------------------------------------------------------------------------------------------------------------------------------------------------------------------+
; Analysis & Synthesis Source Files Read                                                                                                                                                                                                                  ;
+----------------------------------+-----------------+------------------------+-----------------------------------------------------------------------------------------------------------------------------------------------------------------+---------+
; File Name with User-Entered Path ; Used in Netlist ; File Type              ; File Name with Absolute Path                                                                                                                                    ; Library ;
+----------------------------------+-----------------+------------------------+-----------------------------------------------------------------------------------------------------------------------------------------------------------------+---------+
; framer_FSM.v                     ; yes             ; User Verilog HDL File  ; D:/Repositorio_de_Projetos/6-DOUTORADO/Automotive Networking/CAN Controller - Projeto Automotive Networking/can-controller/Projeto exemplo/Projeto/framer_FSM.v ;         ;
+----------------------------------+-----------------+------------------------+-----------------------------------------------------------------------------------------------------------------------------------------------------------------+---------+


+---------------------------------------------+
; Analysis & Synthesis Resource Usage Summary ;
+--------------------------+------------------+
; Resource                 ; Usage            ;
+--------------------------+------------------+
; I/O pins                 ; 6                ;
;                          ;                  ;
; DSP block 9-bit elements ; 0                ;
;                          ;                  ;
; Maximum fan-out node     ; clock            ;
; Maximum fan-out          ; 1                ;
; Total fan-out            ; 6                ;
; Average fan-out          ; 0.50             ;
+--------------------------+------------------+


+----------------------------------------------------------------------------------------------------------------------------------------------------------------------------------------------------------------------+
; Analysis & Synthesis Resource Utilization by Entity                                                                                                                                                                  ;
+----------------------------+---------------------+---------------------------+-------------+--------------+---------+-----------+-----------+------+--------------+---------------------+-------------+--------------+
; Compilation Hierarchy Node ; Combinational ALUTs ; Dedicated Logic Registers ; Memory Bits ; DSP Elements ; DSP 9x9 ; DSP 18x18 ; DSP 36x36 ; Pins ; Virtual Pins ; Full Hierarchy Name ; Entity Name ; Library Name ;
+----------------------------+---------------------+---------------------------+-------------+--------------+---------+-----------+-----------+------+--------------+---------------------+-------------+--------------+
; |framer_FSM                ; 0 (0)               ; 0 (0)                     ; 0           ; 0            ; 0       ; 0         ; 0         ; 6    ; 0            ; |framer_FSM         ; framer_FSM  ; work         ;
+----------------------------+---------------------+---------------------------+-------------+--------------+---------+-----------+-----------+------+--------------+---------------------+-------------+--------------+
Note: For table entries with two numbers listed, the numbers in parentheses indicate the number of resources of the given type used by the specific entity alone. The numbers listed outside of parentheses indicate the total resources of the given type used by the specific entity and all of its sub-entities in the hierarchy.


+------------------------------------------------------+
; General Register Statistics                          ;
+----------------------------------------------+-------+
; Statistic                                    ; Value ;
+----------------------------------------------+-------+
; Total registers                              ; 0     ;
; Number of registers using Synchronous Clear  ; 0     ;
; Number of registers using Synchronous Load   ; 0     ;
; Number of registers using Asynchronous Clear ; 0     ;
; Number of registers using Asynchronous Load  ; 0     ;
; Number of registers using Clock Enable       ; 0     ;
; Number of registers using Preset             ; 0     ;
+----------------------------------------------+-------+


+----------------------------------------------------------------------------+
; Parameter Settings for User Entity Instance: Top-level Entity: |framer_FSM ;
+-------------------+-------+------------------------------------------------+
; Parameter Name    ; Value ; Type                                           ;
+-------------------+-------+------------------------------------------------+
; IDLE              ; 00001 ; Unsigned Binary                                ;
; START_FRAME       ; 00010 ; Unsigned Binary                                ;
; IDENTIFIER_A      ; 00011 ; Unsigned Binary                                ;
; RTR_SRR           ; 00100 ; Unsigned Binary                                ;
; IDE               ; 00101 ; Unsigned Binary                                ;
; IDENTIFIER_B      ; 00110 ; Unsigned Binary                                ;
; RTR               ; 00111 ; Unsigned Binary                                ;
; RESERVED_1        ; 01000 ; Unsigned Binary                                ;
; RESERVED_0        ; 01001 ; Unsigned Binary                                ;
; DLC               ; 01010 ; Unsigned Binary                                ;
; DATA              ; 01011 ; Unsigned Binary                                ;
; CRC               ; 01100 ; Unsigned Binary                                ;
; CRC_DELIMITER     ; 01101 ; Unsigned Binary                                ;
; ACK_SLOT          ; 01110 ; Unsigned Binary                                ;
; ACK_DELIMITER     ; 01111 ; Unsigned Binary                                ;
; END_OF_FRAME      ; 10000 ; Unsigned Binary                                ;
; INTERFRAME        ; 10001 ; Unsigned Binary                                ;
; ERROR             ; 10010 ; Unsigned Binary                                ;
; size_IDENTIFIER_A ; 1011  ; Unsigned Binary                                ;
+-------------------+-------+------------------------------------------------+
Note: In order to hide this table in the UI and the text report file, please set the "Show Parameter Settings in Synthesis Report" option in "Analysis and Synthesis Settings -> More Settings" to "Off".


+-----------------------------------------------------+
; Post-Synthesis Netlist Statistics for Top Partition ;
+-----------------------+-----------------------------+
; Type                  ; Count                       ;
+-----------------------+-----------------------------+
; boundary_port         ; 6                           ;
; cycloneiii_lcell_comb ; 1                           ;
;     normal            ; 1                           ;
;         0 data inputs ; 1                           ;
;                       ;                             ;
; Max LUT depth         ; 0.00                        ;
; Average LUT depth     ; 0.00                        ;
+-----------------------+-----------------------------+


+-------------------------------+
; Elapsed Time Per Partition    ;
+----------------+--------------+
; Partition Name ; Elapsed Time ;
+----------------+--------------+
; Top            ; 00:00:00     ;
+----------------+--------------+


+-------------------------------+
; Analysis & Synthesis Messages ;
+-------------------------------+
Info: *******************************************************************
Info: Running Quartus Prime Analysis & Synthesis
    Info: Version 16.1.2 Build 203 01/18/2017 SJ Lite Edition
    Info: Processing started: Sat May 20 17:26:38 2017
Info: Command: quartus_map --read_settings_files=on --write_settings_files=off BitTimingCAN -c BitTimingCAN
Info (20032): Parallel compilation is enabled and will use up to 3 processors
Warning (20031): Parallel compilation is enabled for 3 processors, but there are only 2 processors in the system. Runtime may increase due to over usage of the processor space.
Info (12021): Found 1 design units, including 1 entities, in source file framer_fsm.v
    Info (12023): Found entity 1: framer_FSM File: D:/Repositorio_de_Projetos/6-DOUTORADO/Automotive Networking/CAN Controller - Projeto Automotive Networking/can-controller/Projeto exemplo/Projeto/framer_FSM.v Line: 1
Info (12127): Elaborating entity "framer_FSM" for the top level hierarchy
Warning (10036): Verilog HDL or VHDL warning at framer_FSM.v(50): object "rx_frame" assigned a value but never read File: D:/Repositorio_de_Projetos/6-DOUTORADO/Automotive Networking/CAN Controller - Projeto Automotive Networking/can-controller/Projeto exemplo/Projeto/framer_FSM.v Line: 50
Warning (10036): Verilog HDL or VHDL warning at framer_FSM.v(54): object "next_state" assigned a value but never read File: D:/Repositorio_de_Projetos/6-DOUTORADO/Automotive Networking/CAN Controller - Projeto Automotive Networking/can-controller/Projeto exemplo/Projeto/framer_FSM.v Line: 54
Warning (10230): Verilog HDL assignment warning at framer_FSM.v(108): truncated value with size 32 to match size of target (8) File: D:/Repositorio_de_Projetos/6-DOUTORADO/Automotive Networking/CAN Controller - Projeto Automotive Networking/can-controller/Projeto exemplo/Projeto/framer_FSM.v Line: 108
Warning (10230): Verilog HDL assignment warning at framer_FSM.v(142): truncated value with size 32 to match size of target (5) File: D:/Repositorio_de_Projetos/6-DOUTORADO/Automotive Networking/CAN Controller - Projeto Automotive Networking/can-controller/Projeto exemplo/Projeto/framer_FSM.v Line: 142
Warning (10230): Verilog HDL assignment warning at framer_FSM.v(164): truncated value with size 32 to match size of target (3) File: D:/Repositorio_de_Projetos/6-DOUTORADO/Automotive Networking/CAN Controller - Projeto Automotive Networking/can-controller/Projeto exemplo/Projeto/framer_FSM.v Line: 164
Warning (10230): Verilog HDL assignment warning at framer_FSM.v(175): truncated value with size 32 to match size of target (6) File: D:/Repositorio_de_Projetos/6-DOUTORADO/Automotive Networking/CAN Controller - Projeto Automotive Networking/can-controller/Projeto exemplo/Projeto/framer_FSM.v Line: 175
Warning (10230): Verilog HDL assignment warning at framer_FSM.v(186): truncated value with size 32 to match size of target (4) File: D:/Repositorio_de_Projetos/6-DOUTORADO/Automotive Networking/CAN Controller - Projeto Automotive Networking/can-controller/Projeto exemplo/Projeto/framer_FSM.v Line: 186
Warning (10230): Verilog HDL assignment warning at framer_FSM.v(205): truncated value with size 32 to match size of target (3) File: D:/Repositorio_de_Projetos/6-DOUTORADO/Automotive Networking/CAN Controller - Projeto Automotive Networking/can-controller/Projeto exemplo/Projeto/framer_FSM.v Line: 205
Warning (10230): Verilog HDL assignment warning at framer_FSM.v(216): truncated value with size 32 to match size of target (2) File: D:/Repositorio_de_Projetos/6-DOUTORADO/Automotive Networking/CAN Controller - Projeto Automotive Networking/can-controller/Projeto exemplo/Projeto/framer_FSM.v Line: 216
Warning (10034): Output port "error_out" at framer_FSM.v(23) has no driver File: D:/Repositorio_de_Projetos/6-DOUTORADO/Automotive Networking/CAN Controller - Projeto Automotive Networking/can-controller/Projeto exemplo/Projeto/framer_FSM.v Line: 23
Warning (12158): Entity "framer_FSM" contains only dangling pins
Warning (13024): Output pins are stuck at VCC or GND
    Warning (13410): Pin "error_out" is stuck at GND File: D:/Repositorio_de_Projetos/6-DOUTORADO/Automotive Networking/CAN Controller - Projeto Automotive Networking/can-controller/Projeto exemplo/Projeto/framer_FSM.v Line: 23
Info (144001): Generated suppressed messages file D:/Repositorio_de_Projetos/6-DOUTORADO/Automotive Networking/CAN Controller - Projeto Automotive Networking/can-controller/Projeto exemplo/Projeto/output_files/BitTimingCAN.map.smsg
Info (16010): Generating hard_block partition "hard_block:auto_generated_inst"
    Info (16011): Adding 0 node(s), including 0 DDIO, 0 PLL, 0 transceiver and 0 LCELL
Warning (21074): Design contains 5 input pin(s) that do not drive logic
    Warning (15610): No output dependent on input pin "clock" File: D:/Repositorio_de_Projetos/6-DOUTORADO/Automotive Networking/CAN Controller - Projeto Automotive Networking/can-controller/Projeto exemplo/Projeto/framer_FSM.v Line: 17
    Warning (15610): No output dependent on input pin "reset" File: D:/Repositorio_de_Projetos/6-DOUTORADO/Automotive Networking/CAN Controller - Projeto Automotive Networking/can-controller/Projeto exemplo/Projeto/framer_FSM.v Line: 18
    Warning (15610): No output dependent on input pin "rx_bit" File: D:/Repositorio_de_Projetos/6-DOUTORADO/Automotive Networking/CAN Controller - Projeto Automotive Networking/can-controller/Projeto exemplo/Projeto/framer_FSM.v Line: 14
    Warning (15610): No output dependent on input pin "rx_clk" File: D:/Repositorio_de_Projetos/6-DOUTORADO/Automotive Networking/CAN Controller - Projeto Automotive Networking/can-controller/Projeto exemplo/Projeto/framer_FSM.v Line: 15
    Warning (15610): No output dependent on input pin "error_in" File: D:/Repositorio_de_Projetos/6-DOUTORADO/Automotive Networking/CAN Controller - Projeto Automotive Networking/can-controller/Projeto exemplo/Projeto/framer_FSM.v Line: 20
Info (21057): Implemented 6 device resources after synthesis - the final resource count might be different
    Info (21058): Implemented 5 input pins
    Info (21059): Implemented 1 output pins
Info: Quartus Prime Analysis & Synthesis was successful. 0 errors, 20 warnings
    Info: Peak virtual memory: 673 megabytes
    Info: Processing ended: Sat May 20 17:26:57 2017
    Info: Elapsed time: 00:00:19
    Info: Total CPU time (on all processors): 00:00:42


+------------------------------------------+
; Analysis & Synthesis Suppressed Messages ;
+------------------------------------------+
The suppressed messages can be found in D:/Repositorio_de_Projetos/6-DOUTORADO/Automotive Networking/CAN Controller - Projeto Automotive Networking/can-controller/Projeto exemplo/Projeto/output_files/BitTimingCAN.map.smsg.


